[33m@unocssc/ui:build[0m: cache hit, replaying output [2mbf5f4c82e471a7bf[0m
[33m@unocssc/ui:build: [0m
[33m@unocssc/ui:build: [0m> @unocssc/ui@0.0.0 build C:\Users\reliu\Documents\Development\unocssc\packages\ui
[33m@unocssc/ui:build: [0m> (vite build || true)
[33m@unocssc/ui:build: [0m
[33m@unocssc/ui:build: [0m[36mvite v3.0.9 [32mbuilding for production...[36m[39m
[33m@unocssc/ui:build: [0mtransforming...
[33m@unocssc/ui:build: [0m[32m✓[39m 15 modules transformed.
[33m@unocssc/ui:build: [0mrendering chunks...
[33m@unocssc/ui:build: [0m[90m[37m[2mdist/[22m[90m[39m[35mstyle.css  [39m [2m2.29 KiB / gzip: 0.45 KiB[22m
[33m@unocssc/ui:build: [0m[90m[37m[2mdist/[22m[90m[39m[36mindex.mjs  [39m [2m22.26 KiB / gzip: 6.33 KiB[22m
[33m@unocssc/ui:build: [0mNo name was provided for external module 'react' in output.globals – guessing 'require$$1'
[33m@unocssc/ui:build: [0m[31m[unocss:global:build:generate] [unocss] does not found CSS placeholder in the generated chunks
[33m@unocssc/ui:build: [0mIt seems you are building in library mode, it's recommanded to set `build.cssCodeSplit` to true.
[33m@unocssc/ui:build: [0mSee https://github.com/vitejs/vite/issues/1579[39m
[33m@unocssc/ui:build: [0m[31merror during build:
[33m@unocssc/ui:build: [0mError: [unocss] does not found CSS placeholder in the generated chunks
[33m@unocssc/ui:build: [0mIt seems you are building in library mode, it's recommanded to set `build.cssCodeSplit` to true.
[33m@unocssc/ui:build: [0mSee https://github.com/vitejs/vite/issues/1579
[33m@unocssc/ui:build: [0m    at Object.generateBundle (C:\Users\reliu\Documents\Development\unocssc\node_modules\.pnpm\@unocss+vite@0.45.12_vite@3.0.9\node_modules\@unocss\vite\dist\index.cjs:372:22)
[33m@unocssc/ui:build: [0m    at processTicksAndRejections (node:internal/process/task_queues:96:5)
[33m@unocssc/ui:build: [0m    at async Bundle.generate (file:///C:/Users/reliu/Documents/Development/unocssc/node_modules/.pnpm/rollup@2.77.3/node_modules/rollup/dist/es/shared/rollup.js:15973:9)
[33m@unocssc/ui:build: [0m    at async file:///C:/Users/reliu/Documents/Development/unocssc/node_modules/.pnpm/rollup@2.77.3/node_modules/rollup/dist/es/shared/rollup.js:23709:27
[33m@unocssc/ui:build: [0m    at async catchUnfinishedHookActions (file:///C:/Users/reliu/Documents/Development/unocssc/node_modules/.pnpm/rollup@2.77.3/node_modules/rollup/dist/es/shared/rollup.js:23041:20)
[33m@unocssc/ui:build: [0m    at async doBuild (file:///C:/Users/reliu/Documents/Development/unocssc/node_modules/.pnpm/vite@3.0.9/node_modules/vite/dist/node/chunks/dep-0fc8e132.js:43631:26)
[33m@unocssc/ui:build: [0m    at async build (file:///C:/Users/reliu/Documents/Development/unocssc/node_modules/.pnpm/vite@3.0.9/node_modules/vite/dist/node/chunks/dep-0fc8e132.js:43468:16)
[33m@unocssc/ui:build: [0m    at async CAC.<anonymous> (file:///C:/Users/reliu/Documents/Development/unocssc/node_modules/.pnpm/vite@3.0.9/node_modules/vite/dist/node/cli.js:747:9)[39m
